0 info it worked if it ends with ok
1 verbose cli [ '/home/akash/libraries/node-v5.0.0-linux-x64/bin/node',
1 verbose cli   '/home/akash/libraries/node-v5.0.0-linux-x64/bin/npm',
1 verbose cli   'i',
1 verbose cli   '-g',
1 verbose cli   'add2path' ]
2 info using npm@3.4.0
3 info using node@v5.0.0
4 silly loadCurrentTree Starting
5 silly install loadCurrentTree
6 silly install readGlobalPackageData
7 silly fetchPackageMetaData add2path
8 silly fetchOtherPackageData add2path
9 silly cache add args [ 'add2path', null ]
10 verbose cache add spec add2path
11 silly cache add parsed spec Result {
11 silly cache add   raw: 'add2path',
11 silly cache add   scope: null,
11 silly cache add   name: null,
11 silly cache add   rawSpec: 'add2path',
11 silly cache add   spec: '/home/akash/Kode/addToPath/add2path',
11 silly cache add   type: 'local' }
12 silly addLocalTarball shasum (computed) 292592a721f242287e66316378bdab0d03edcfca
13 verbose addTmpTarball /home/akash/Kode/addToPath/add2path not in flight; adding
14 verbose addTmpTarball validating metadata from /home/akash/Kode/addToPath/add2path
15 verbose tar unpack /home/akash/Kode/addToPath/add2path
16 verbose tar unpacking to /tmp/npm-9705-ff4e5aee/unpack-ede5c9801d5311f4040c6f9bf22bf3dc
17 silly gentlyRm /tmp/npm-9705-ff4e5aee/unpack-ede5c9801d5311f4040c6f9bf22bf3dc is being purged
18 verbose gentlyRm don't care about contents; nuking /tmp/npm-9705-ff4e5aee/unpack-ede5c9801d5311f4040c6f9bf22bf3dc
19 silly gunzTarPerm modes [ '775', '664' ]
20 error not a package /home/akash/Kode/addToPath/add2path
21 error addLocal Could not install /home/akash/Kode/addToPath/add2path
22 silly fetchPackageMetaData Error: ENOENT: no such file or directory, open '/tmp/npm-9705-ff4e5aee/unpack-ede5c9801d5311f4040c6f9bf22bf3dc/package.json'
22 silly fetchPackageMetaData     at Error (native)
22 silly fetchPackageMetaData  error for add2path { [Error: ENOENT: no such file or directory, open '/tmp/npm-9705-ff4e5aee/unpack-ede5c9801d5311f4040c6f9bf22bf3dc/package.json']
22 silly fetchPackageMetaData   errno: -2,
22 silly fetchPackageMetaData   code: 'ENOENT',
22 silly fetchPackageMetaData   syscall: 'open',
22 silly fetchPackageMetaData   path: '/tmp/npm-9705-ff4e5aee/unpack-ede5c9801d5311f4040c6f9bf22bf3dc/package.json' }
23 silly rollbackFailedOptional Starting
24 silly rollbackFailedOptional Finishing
25 silly runTopLevelLifecycles Starting
26 silly runTopLevelLifecycles Finishing
27 silly install printInstalled
28 verbose stack Error: ENOENT: no such file or directory, open '/tmp/npm-9705-ff4e5aee/unpack-ede5c9801d5311f4040c6f9bf22bf3dc/package.json'
28 verbose stack     at Error (native)
29 verbose cwd /home/akash/Kode/addToPath
30 error Linux 3.19.0-32-generic
31 error argv "/home/akash/libraries/node-v5.0.0-linux-x64/bin/node" "/home/akash/libraries/node-v5.0.0-linux-x64/bin/npm" "i" "-g" "add2path"
32 error node v5.0.0
33 error npm  v3.4.0
34 error path /tmp/npm-9705-ff4e5aee/unpack-ede5c9801d5311f4040c6f9bf22bf3dc/package.json
35 error code ENOENT
36 error errno -2
37 error syscall open
38 error enoent ENOENT: no such file or directory, open '/tmp/npm-9705-ff4e5aee/unpack-ede5c9801d5311f4040c6f9bf22bf3dc/package.json'
38 error enoent This is most likely not a problem with npm itself
38 error enoent and is related to npm not being able to find a file.
39 verbose exit [ -2, true ]
